STATE: [-1, -1]
Type: 0
Action: [0.6666666666666667, 0.33333333333333326]
Type: 1
Action: [1.0, 0.0]
Type: 2
Action: [1.0, 0.0]
Type: 3
Action: [0.0, 1.0]
STATE: [1, 0]
Type: 0
Action: [0.5, 0.5]
Type: 1
Action: [0.5, 0.5]
Type: 2
Action: [0.5, 0.5]
Type: 3
Action: [0.5, 0.5]
STATE: [1, 1]
Type: 0
Action: [0.5, 0.5]
Type: 1
Action: [0.5, 0.5]
Type: 2
Action: [0.5, 0.5]
Type: 3
Action: [0.5, 0.5]
STATE: [0, -1]
Type: 0
Action: [0.5, 0.5]
Type: 1
Action: [0.5, 0.5]
Type: 2
Action: [0.5, 0.5]
Type: 3
Action: [0.5, 0.5]
STATE: [1, -1]
Type: 0
Action: [1.0, 0.0]
Type: 1
Action: [1.0, 0.0]
Type: 2
Action: [0.33333333333333326, 0.6666666666666667]
Type: 3
Action: [0.0, 1.0]
STATE: [-1, -1]
Type: 0
Action: [1.0, 0.0]
Type: 1
Action: [1.0, 0.0]
Type: 2
Action: [1.0, 0.0]
Type: 3
Action: [0.0, 1.0]
STATE: [1, 0]
Type: 0
Action: [0.5, 0.5]
Type: 1
Action: [0.5, 0.5]
Type: 2
Action: [0.5, 0.5]
Type: 3
Action: [0.5, 0.5]
STATE: [1, 1]
Type: 0
Action: [0.5, 0.5]
Type: 1
Action: [0.5, 0.5]
Type: 2
Action: [0.5, 0.5]
Type: 3
Action: [0.5, 0.5]
STATE: [0, -1]
Type: 0
Action: [0.5, 0.5]
Type: 1
Action: [0.5, 0.5]
Type: 2
Action: [0.5, 0.5]
Type: 3
Action: [0.5, 0.5]
STATE: [1, -1]
Type: 0
Action: [1.0, 0.0]
Type: 1
Action: [0.49999999999999994, 0.5]
Type: 2
Action: [0.49999999999999994, 0.5]
Type: 3
Action: [0.0, 1.0]
